Note: Google Test filter = Compiler.Test1
[==========] Running 1 test from 1 test suite.
[----------] Global test environment set-up.
[----------] 1 test from Compiler
[ RUN      ] Compiler.Test1
../compiler correct-programs/example1.imp correct-programs/example1.rm
../virtual-machine/maszyna-wirtualna-cln correct-programs/example1.rm >correct-programs/example1.result < correct-programs/example1-in.txt
[       OK ] Compiler.Test1 (35 ms)
[----------] 1 test from Compiler (35 ms total)

[----------] Global test environment tear-down
[==========] 1 test from 1 test suite ran. (36 ms total)
[  PASSED  ] 1 test.
Note: Google Test filter = Compiler.Test2
[==========] Running 1 test from 1 test suite.
[----------] Global test environment set-up.
[----------] 1 test from Compiler
[ RUN      ] Compiler.Test2
../compiler correct-programs/example2.imp correct-programs/example2.rm
../virtual-machine/maszyna-wirtualna-cln correct-programs/example2.rm >correct-programs/example2.result < correct-programs/example2-in.txt
[       OK ] Compiler.Test2 (16 ms)
[----------] 1 test from Compiler (16 ms total)

[----------] Global test environment tear-down
[==========] 1 test from 1 test suite ran. (16 ms total)
[  PASSED  ] 1 test.
Note: Google Test filter = Compiler.Test3
[==========] Running 1 test from 1 test suite.
[----------] Global test environment set-up.
[----------] 1 test from Compiler
[ RUN      ] Compiler.Test3
../compiler correct-programs/example3.imp correct-programs/example3.rm
../virtual-machine/maszyna-wirtualna-cln correct-programs/example3.rm >correct-programs/example3.result < correct-programs/example3-in.txt
[       OK ] Compiler.Test3 (19 ms)
[----------] 1 test from Compiler (19 ms total)

[----------] Global test environment tear-down
[==========] 1 test from 1 test suite ran. (19 ms total)
[  PASSED  ] 1 test.
Note: Google Test filter = Compiler.Test4
[==========] Running 1 test from 1 test suite.
[----------] Global test environment set-up.
[----------] 1 test from Compiler
[ RUN      ] Compiler.Test4
../compiler correct-programs/example4.imp correct-programs/example4.rm
../virtual-machine/maszyna-wirtualna-cln correct-programs/example4.rm >correct-programs/example4.result < correct-programs/example4-in.txt
[       OK ] Compiler.Test4 (17 ms)
[----------] 1 test from Compiler (17 ms total)

[----------] Global test environment tear-down
[==========] 1 test from 1 test suite ran. (17 ms total)
[  PASSED  ] 1 test.
Note: Google Test filter = Compiler.Test5
[==========] Running 1 test from 1 test suite.
[----------] Global test environment set-up.
[----------] 1 test from Compiler
[ RUN      ] Compiler.Test5
../compiler correct-programs/example5.imp correct-programs/example5.rm
../virtual-machine/maszyna-wirtualna-cln correct-programs/example5.rm >correct-programs/example5.result < correct-programs/example5-in.txt
[       OK ] Compiler.Test5 (10 ms)
[----------] 1 test from Compiler (10 ms total)

[----------] Global test environment tear-down
[==========] 1 test from 1 test suite ran. (10 ms total)
[  PASSED  ] 1 test.
Note: Google Test filter = Compiler.Test6
[==========] Running 1 test from 1 test suite.
[----------] Global test environment set-up.
[----------] 1 test from Compiler
[ RUN      ] Compiler.Test6
../compiler correct-programs/example6.imp correct-programs/example6.rm
../virtual-machine/maszyna-wirtualna-cln correct-programs/example6.rm >correct-programs/example6.result < correct-programs/example6-in.txt
[       OK ] Compiler.Test6 (16 ms)
[----------] 1 test from Compiler (16 ms total)

[----------] Global test environment tear-down
[==========] 1 test from 1 test suite ran. (16 ms total)
[  PASSED  ] 1 test.
Note: Google Test filter = Compiler.Test7
[==========] Running 1 test from 1 test suite.
[----------] Global test environment set-up.
[----------] 1 test from Compiler
[ RUN      ] Compiler.Test7
../compiler correct-programs/example7.imp correct-programs/example7.rm
../virtual-machine/maszyna-wirtualna-cln correct-programs/example7.rm >correct-programs/example7.result < correct-programs/example7-in.txt
[       OK ] Compiler.Test7 (15 ms)
[----------] 1 test from Compiler (15 ms total)

[----------] Global test environment tear-down
[==========] 1 test from 1 test suite ran. (15 ms total)
[  PASSED  ] 1 test.
Note: Google Test filter = Compiler.Test8
[==========] Running 1 test from 1 test suite.
[----------] Global test environment set-up.
[----------] 1 test from Compiler
[ RUN      ] Compiler.Test8
../compiler correct-programs/example8.imp correct-programs/example8.rm
../virtual-machine/maszyna-wirtualna-cln correct-programs/example8.rm >correct-programs/example8.result < correct-programs/example8-in.txt
[       OK ] Compiler.Test8 (18 ms)
[----------] 1 test from Compiler (18 ms total)

[----------] Global test environment tear-down
[==========] 1 test from 1 test suite ran. (18 ms total)
[  PASSED  ] 1 test.
Note: Google Test filter = Compiler.Test9
[==========] Running 1 test from 1 test suite.
[----------] Global test environment set-up.
[----------] 1 test from Compiler
[ RUN      ] Compiler.Test9
../compiler correct-programs/example9.imp correct-programs/example9.rm
../virtual-machine/maszyna-wirtualna-cln correct-programs/example9.rm >correct-programs/example9.result < correct-programs/example9-in.txt
[       OK ] Compiler.Test9 (8 ms)
[----------] 1 test from Compiler (8 ms total)

[----------] Global test environment tear-down
[==========] 1 test from 1 test suite ran. (8 ms total)
[  PASSED  ] 1 test.
Note: Google Test filter = Compiler.Test10
[==========] Running 1 test from 1 test suite.
[----------] Global test environment set-up.
[----------] 1 test from Compiler
[ RUN      ] Compiler.Test10
../compiler translation-examples/program0.imp translation-examples/program0.rm
../virtual-machine/maszyna-wirtualna-cln translation-examples/program0.rm >translation-examples/program0.result < translation-examples/program0-in1.txt
../compiler translation-examples/program0.imp translation-examples/program0.rm
../virtual-machine/maszyna-wirtualna-cln translation-examples/program0.rm >translation-examples/program0.result < translation-examples/program0-in2.txt
../compiler translation-examples/program0.imp translation-examples/program0.rm
../virtual-machine/maszyna-wirtualna-cln translation-examples/program0.rm >translation-examples/program0.result < translation-examples/program0-in3.txt
[       OK ] Compiler.Test10 (28 ms)
[----------] 1 test from Compiler (28 ms total)

[----------] Global test environment tear-down
[==========] 1 test from 1 test suite ran. (28 ms total)
[  PASSED  ] 1 test.
Note: Google Test filter = Compiler.Test11
[==========] Running 1 test from 1 test suite.
[----------] Global test environment set-up.
[----------] 1 test from Compiler
[ RUN      ] Compiler.Test11
../compiler translation-examples/program1.imp translation-examples/program1.rm
../virtual-machine/maszyna-wirtualna-cln translation-examples/program1.rm >translation-examples/program1.result < translation-examples/program1-in1.txt
../compiler translation-examples/program1.imp translation-examples/program1.rm
../virtual-machine/maszyna-wirtualna-cln translation-examples/program1.rm >translation-examples/program1.result < translation-examples/program1-in2.txt
../compiler translation-examples/program1.imp translation-examples/program1.rm
../virtual-machine/maszyna-wirtualna-cln translation-examples/program1.rm >translation-examples/program1.result < translation-examples/program1-in3.txt
[       OK ] Compiler.Test11 (42 ms)
[----------] 1 test from Compiler (42 ms total)

[----------] Global test environment tear-down
[==========] 1 test from 1 test suite ran. (42 ms total)
[  PASSED  ] 1 test.
Note: Google Test filter = Compiler.Test12
[==========] Running 1 test from 1 test suite.
[----------] Global test environment set-up.
[----------] 1 test from Compiler
[ RUN      ] Compiler.Test12
../compiler translation-examples/program2.imp translation-examples/program2.rm
../virtual-machine/maszyna-wirtualna-cln translation-examples/program2.rm >translation-examples/program2.result < translation-examples/program2-in.txt
[       OK ] Compiler.Test12 (12 ms)
[----------] 1 test from Compiler (12 ms total)

[----------] Global test environment tear-down
[==========] 1 test from 1 test suite ran. (12 ms total)
[  PASSED  ] 1 test.
Note: Google Test filter = Compiler.Test13
[==========] Running 1 test from 1 test suite.
[----------] Global test environment set-up.
[----------] 1 test from Compiler
[ RUN      ] Compiler.Test13
../compiler translation-examples/program3.imp translation-examples/program3.rm
../virtual-machine/maszyna-wirtualna-cln translation-examples/program3.rm >translation-examples/program3.result < translation-examples/program3-in1.txt
to-meaningful-programs.cpp:49: Failure
Expected equality of these values:
  result.size()
    Which is: 0
  expected.size()
    Which is: 2

[  FAILED  ] Compiler.Test13 (9 ms)
[----------] 1 test from Compiler (9 ms total)

[----------] Global test environment tear-down
[==========] 1 test from 1 test suite ran. (9 ms total)
[  PASSED  ] 0 tests.
[  FAILED  ] 1 test, listed below:
[  FAILED  ] Compiler.Test13

 1 FAILED TEST
